[1/9] Performing build step for 'bootloader'
[1/1] cd /home/arturo/Documents/Universidad/TFG/Software/Pruebas/i2c_pruebas_ESP-IDF/i2c_write_read_LM75A/build/bootloader/esp-idf/esptool_py && /home/arturo/.espressif/python_env/idf5.3_py3.10_env/bin/python /home/arturo/.esp/esp-idf/components/partition_table/check_sizes.py --offset 0x8000 bootloader 0x1000 /home/arturo/Documents/Universidad/TFG/Software/Pruebas/i2c_pruebas_ESP-IDF/i2c_write_read_LM75A/build/bootloader/bootloader.bin
Bootloader binary size 0x6880 bytes. 0x780 bytes (7%) free.
[2/7] Building C object esp-idf/main/CMakeFiles/__idf_main.dir/i2c_write_read_LM75A_main.c.obj
FAILED: esp-idf/main/CMakeFiles/__idf_main.dir/i2c_write_read_LM75A_main.c.obj 
/home/arturo/.espressif/tools/xtensa-esp-elf/esp-13.2.0_20240530/xtensa-esp-elf/bin/xtensa-esp32-elf-gcc -DESP_PLATFORM -DIDF_VER=\"v5.3.1-dirty\" -DSOC_MMU_PAGE_SIZE=CONFIG_MMU_PAGE_SIZE -DSOC_XTAL_FREQ_MHZ=CONFIG_XTAL_FREQ -D_GLIBCXX_HAVE_POSIX_SEMAPHORE -D_GLIBCXX_USE_POSIX_SEMAPHORE -D_GNU_SOURCE -D_POSIX_READER_WRITER_LOCKS -I/home/arturo/Documents/Universidad/TFG/Software/Pruebas/i2c_pruebas_ESP-IDF/i2c_write_read_LM75A/build/config -I/home/arturo/Documents/Universidad/TFG/Software/Pruebas/i2c_pruebas_ESP-IDF/i2c_write_read_LM75A/main -I/home/arturo/.esp/esp-idf/components/newlib/platform_include -I/home/arturo/.esp/esp-idf/components/freertos/config/include -I/home/arturo/.esp/esp-idf/components/freertos/config/include/freertos -I/home/arturo/.esp/esp-idf/components/freertos/config/xtensa/include -I/home/arturo/.esp/esp-idf/components/freertos/FreeRTOS-Kernel/include -I/home/arturo/.esp/esp-idf/components/freertos/FreeRTOS-Kernel/portable/xtensa/include -I/home/arturo/.esp/esp-idf/components/freertos/FreeRTOS-Kernel/portable/xtensa/include/freertos -I/home/arturo/.esp/esp-idf/components/freertos/esp_additions/include -I/home/arturo/.esp/esp-idf/components/esp_hw_support/include -I/home/arturo/.esp/esp-idf/components/esp_hw_support/include/soc -I/home/arturo/.esp/esp-idf/components/esp_hw_support/include/soc/esp32 -I/home/arturo/.esp/esp-idf/components/esp_hw_support/dma/include -I/home/arturo/.esp/esp-idf/components/esp_hw_support/ldo/include -I/home/arturo/.esp/esp-idf/components/esp_hw_support/port/esp32/. -I/home/arturo/.esp/esp-idf/components/esp_hw_support/port/esp32/include -I/home/arturo/.esp/esp-idf/components/heap/include -I/home/arturo/.esp/esp-idf/components/log/include -I/home/arturo/.esp/esp-idf/components/soc/include -I/home/arturo/.esp/esp-idf/components/soc/esp32 -I/home/arturo/.esp/esp-idf/components/soc/esp32/include -I/home/arturo/.esp/esp-idf/components/hal/platform_port/include -I/home/arturo/.esp/esp-idf/components/hal/esp32/include -I/home/arturo/.esp/esp-idf/components/hal/include -I/home/arturo/.esp/esp-idf/components/esp_rom/include -I/home/arturo/.esp/esp-idf/components/esp_rom/include/esp32 -I/home/arturo/.esp/esp-idf/components/esp_rom/esp32 -I/home/arturo/.esp/esp-idf/components/esp_common/include -I/home/arturo/.esp/esp-idf/components/esp_system/include -I/home/arturo/.esp/esp-idf/components/esp_system/port/soc -I/home/arturo/.esp/esp-idf/components/esp_system/port/include/private -I/home/arturo/.esp/esp-idf/components/xtensa/esp32/include -I/home/arturo/.esp/esp-idf/components/xtensa/include -I/home/arturo/.esp/esp-idf/components/xtensa/deprecated_include -I/home/arturo/.esp/esp-idf/components/lwip/include -I/home/arturo/.esp/esp-idf/components/lwip/include/apps -I/home/arturo/.esp/esp-idf/components/lwip/include/apps/sntp -I/home/arturo/.esp/esp-idf/components/lwip/lwip/src/include -I/home/arturo/.esp/esp-idf/components/lwip/port/include -I/home/arturo/.esp/esp-idf/components/lwip/port/freertos/include -I/home/arturo/.esp/esp-idf/components/lwip/port/esp32xx/include -I/home/arturo/.esp/esp-idf/components/lwip/port/esp32xx/include/arch -I/home/arturo/.esp/esp-idf/components/lwip/port/esp32xx/include/sys -I/home/arturo/.esp/esp-idf/components/driver/deprecated -I/home/arturo/.esp/esp-idf/components/driver/i2c/include -I/home/arturo/.esp/esp-idf/components/driver/touch_sensor/include -I/home/arturo/.esp/esp-idf/components/driver/twai/include -I/home/arturo/.esp/esp-idf/components/driver/touch_sensor/esp32/include -I/home/arturo/.esp/esp-idf/components/esp_pm/include -I/home/arturo/.esp/esp-idf/components/esp_ringbuf/include -I/home/arturo/.esp/esp-idf/components/esp_driver_gpio/include -I/home/arturo/.esp/esp-idf/components/esp_driver_pcnt/include -I/home/arturo/.esp/esp-idf/components/esp_driver_gptimer/include -I/home/arturo/.esp/esp-idf/components/esp_driver_spi/include -I/home/arturo/.esp/esp-idf/components/esp_driver_mcpwm/include -I/home/arturo/.esp/esp-idf/components/esp_driver_ana_cmpr/include -I/home/arturo/.esp/esp-idf/components/esp_driver_i2s/include -I/home/arturo/.esp/esp-idf/components/esp_driver_sdmmc/include -I/home/arturo/.esp/esp-idf/components/sdmmc/include -I/home/arturo/.esp/esp-idf/components/esp_driver_sdspi/include -I/home/arturo/.esp/esp-idf/components/esp_driver_sdio/include -I/home/arturo/.esp/esp-idf/components/esp_driver_dac/include -I/home/arturo/.esp/esp-idf/components/esp_driver_rmt/include -I/home/arturo/.esp/esp-idf/components/esp_driver_tsens/include -I/home/arturo/.esp/esp-idf/components/esp_driver_sdm/include -I/home/arturo/.esp/esp-idf/components/esp_driver_i2c/include -I/home/arturo/.esp/esp-idf/components/esp_driver_uart/include -I/home/arturo/.esp/esp-idf/components/vfs/include -I/home/arturo/.esp/esp-idf/components/esp_driver_ledc/include -I/home/arturo/.esp/esp-idf/components/esp_driver_parlio/include -I/home/arturo/.esp/esp-idf/components/esp_driver_usb_serial_jtag/include -mlongcalls -Wno-frame-address  -fno-builtin-memcpy -fno-builtin-memset -fno-builtin-bzero -fno-builtin-stpcpy -fno-builtin-strncpy -ffunction-sections -fdata-sections -Wall -Werror=all -Wno-error=unused-function -Wno-error=unused-variable -Wno-error=unused-but-set-variable -Wno-error=deprecated-declarations -Wextra -Wno-unused-parameter -Wno-sign-compare -Wno-enum-conversion -gdwarf-4 -ggdb -Og -fno-shrink-wrap -fmacro-prefix-map=/home/arturo/Documents/Universidad/TFG/Software/Pruebas/i2c_pruebas_ESP-IDF/i2c_write_read_LM75A=. -fmacro-prefix-map=/home/arturo/.esp/esp-idf=/IDF -fstrict-volatile-bitfields -fno-jump-tables -fno-tree-switch-conversion -std=gnu17 -Wno-old-style-declaration -MD -MT esp-idf/main/CMakeFiles/__idf_main.dir/i2c_write_read_LM75A_main.c.obj -MF esp-idf/main/CMakeFiles/__idf_main.dir/i2c_write_read_LM75A_main.c.obj.d -o esp-idf/main/CMakeFiles/__idf_main.dir/i2c_write_read_LM75A_main.c.obj -c /home/arturo/Documents/Universidad/TFG/Software/Pruebas/i2c_pruebas_ESP-IDF/i2c_write_read_LM75A/main/i2c_write_read_LM75A_main.c
/home/arturo/Documents/Universidad/TFG/Software/Pruebas/i2c_pruebas_ESP-IDF/i2c_write_read_LM75A/main/i2c_write_read_LM75A_main.c:20:26: warning: missing terminating " character
   20 | static const char *TAG = "i2c-read-another-register;
      |                          ^
/home/arturo/Documents/Universidad/TFG/Software/Pruebas/i2c_pruebas_ESP-IDF/i2c_write_read_LM75A/main/i2c_write_read_LM75A_main.c:20:26: error: missing terminating " character
   20 | static const char *TAG = "i2c-read-another-register;
      |                          ^~~~~~~~~~~~~~~~~~~~~~~~~~~
/home/arturo/Documents/Universidad/TFG/Software/Pruebas/i2c_pruebas_ESP-IDF/i2c_write_read_LM75A/main/i2c_write_read_LM75A_main.c:46:1: error: expected expression before 'float'
   46 | float data_to_temperature(uint8_t *data_rd){
      | ^~~~~
/home/arturo/Documents/Universidad/TFG/Software/Pruebas/i2c_pruebas_ESP-IDF/i2c_write_read_LM75A/main/i2c_write_read_LM75A_main.c: In function 'app_main':
/home/arturo/Documents/Universidad/TFG/Software/Pruebas/i2c_pruebas_ESP-IDF/i2c_write_read_LM75A/main/i2c_write_read_LM75A_main.c:32:41: warning: passing argument 2 of 'i2c_master_transmit_receive' makes pointer from integer without a cast [-Wint-conversion]
   32 | #define LM75A_TEMP_OS_ADDR              0x03                    /*!< Register address of the overtemperature register of the LM75A sensor */
      |                                         ^~~~
      |                                         |
      |                                         int
/home/arturo/Documents/Universidad/TFG/Software/Pruebas/i2c_pruebas_ESP-IDF/i2c_write_read_LM75A/main/i2c_write_read_LM75A_main.c:95:45: note: in expansion of macro 'LM75A_TEMP_OS_ADDR'
   95 |     i2c_master_transmit_receive(dev_handle, LM75A_TEMP_OS_ADDR, I2C_TRANSMISSION_DATA_LENGTH, temperature_data, I2C_RECEPTION_DATA_LENGTH, I2C_MASTER_TIMEOUT_MS/portTICK_PERIOD_MS);
      |                                             ^~~~~~~~~~~~~~~~~~
In file included from /home/arturo/Documents/Universidad/TFG/Software/Pruebas/i2c_pruebas_ESP-IDF/i2c_write_read_LM75A/main/i2c_write_read_LM75A_main.c:18:
/home/arturo/.esp/esp-idf/components/esp_driver_i2c/include/driver/i2c_master.h:145:87: note: expected 'const uint8_t *' {aka 'const unsigned char *'} but argument is of type 'int'
  145 | esp_err_t i2c_master_transmit_receive(i2c_master_dev_handle_t i2c_dev, const uint8_t *write_buffer, size_t write_size, uint8_t *read_buffer, size_t read_size, int xfer_timeout_ms);
      |                                                                        ~~~~~~~~~~~~~~~^~~~~~~~~~~~
/home/arturo/Documents/Universidad/TFG/Software/Pruebas/i2c_pruebas_ESP-IDF/i2c_write_read_LM75A/main/i2c_write_read_LM75A_main.c:96:41: error: implicit declaration of function 'data_to_temperature' [-Werror=implicit-function-declaration]
   96 |     printf("Overtemperature is: %f \n", data_to_temperature(temperature_data));
      |                                         ^~~~~~~~~~~~~~~~~~~
/home/arturo/Documents/Universidad/TFG/Software/Pruebas/i2c_pruebas_ESP-IDF/i2c_write_read_LM75A/main/i2c_write_read_LM75A_main.c:96:34: error: format '%f' expects argument of type 'double', but argument 2 has type 'int' [-Werror=format=]
   96 |     printf("Overtemperature is: %f \n", data_to_temperature(temperature_data));
      |                                 ~^      ~~~~~~~~~~~~~~~~~~~~~~~~~~~~~~~~~~~~~
      |                                  |      |
      |                                  double int
      |                                 %d
/home/arturo/Documents/Universidad/TFG/Software/Pruebas/i2c_pruebas_ESP-IDF/i2c_write_read_LM75A/main/i2c_write_read_LM75A_main.c:33:41: warning: passing argument 2 of 'i2c_master_transmit_receive' makes pointer from integer without a cast [-Wint-conversion]
   33 | #define LM75A_TEMP_HYST_ADDR            0x02                    /*!< Register address of the hysteresis register of the LM75A sensor */
      |                                         ^~~~
      |                                         |
      |                                         int
/home/arturo/Documents/Universidad/TFG/Software/Pruebas/i2c_pruebas_ESP-IDF/i2c_write_read_LM75A/main/i2c_write_read_LM75A_main.c:98:45: note: in expansion of macro 'LM75A_TEMP_HYST_ADDR'
   98 |     i2c_master_transmit_receive(dev_handle, LM75A_TEMP_HYST_ADDR, I2C_TRANSMISSION_DATA_LENGTH, temperature_data, I2C_RECEPTION_DATA_LENGTH, I2C_MASTER_TIMEOUT_MS/portTICK_PERIOD_MS);
      |                                             ^~~~~~~~~~~~~~~~~~~~
/home/arturo/.esp/esp-idf/components/esp_driver_i2c/include/driver/i2c_master.h:145:87: note: expected 'const uint8_t *' {aka 'const unsigned char *'} but argument is of type 'int'
  145 | esp_err_t i2c_master_transmit_receive(i2c_master_dev_handle_t i2c_dev, const uint8_t *write_buffer, size_t write_size, uint8_t *read_buffer, size_t read_size, int xfer_timeout_ms);
      |                                                                        ~~~~~~~~~~~~~~~^~~~~~~~~~~~
/home/arturo/Documents/Universidad/TFG/Software/Pruebas/i2c_pruebas_ESP-IDF/i2c_write_read_LM75A/main/i2c_write_read_LM75A_main.c:99:29: error: format '%f' expects argument of type 'double', but argument 2 has type 'int' [-Werror=format=]
   99 |     printf("Hysteresis is: %f \n", data_to_temperature(temperature_data));
      |                            ~^      ~~~~~~~~~~~~~~~~~~~~~~~~~~~~~~~~~~~~~
      |                             |      |
      |                             double int
      |                            %d
cc1: some warnings being treated as errors
ninja: build stopped: subcommand failed.
